The system is: Windows - 10.0.19042 - AMD64
Compiling the C compiler identification source file "CMakeCCompilerId.c" succeeded.
Compiler: C:/Program Files (x86)/Microsoft Visual Studio/2019/Community/VC/Tools/MSVC/14.27.29110/bin/Hostx86/x86/cl.exe 
Build flags: 
Id flags:  

The output was:
0
x86 için Microsoft (R) C/C++ İyileştirmeli Derleyicisi Sürüm 19.27.29112
Telif Hakkı (C) Microsoft Corporation. Tüm hakları saklıdır.

CMakeCCompilerId.c
Microsoft (R) Incremental Linker Version 14.27.29112.0
Copyright (C) Microsoft Corporation.  All rights reserved.

/out:CMakeCCompilerId.exe 
CMakeCCompilerId.obj 


Compilation of the C compiler identification source "CMakeCCompilerId.c" produced "CMakeCCompilerId.exe"

Compilation of the C compiler identification source "CMakeCCompilerId.c" produced "CMakeCCompilerId.obj"

The C compiler identification is MSVC, found in "C:/Users/ardad/CLionProjects/kendi_stackim/cmake-build-release/CMakeFiles/3.17.3/CompilerIdC/CMakeCCompilerId.exe"

Determining if the C compiler works passed with the following output:
Change Dir: C:/Users/ardad/CLionProjects/kendi_stackim/cmake-build-release/CMakeFiles/CMakeTmp

Run Build Command(s):nmake /nologo cmTC_c1900\fast && 	"C:\Program Files (x86)\Microsoft Visual Studio\2019\Community\VC\Tools\MSVC\14.27.29110\bin\HostX86\x86\nmake.exe"  -f CMakeFiles\cmTC_c1900.dir\build.make /nologo -L                  CMakeFiles\cmTC_c1900.dir\build
Building C object CMakeFiles/cmTC_c1900.dir/testCCompiler.c.obj
	"C:\PROGRA~2\Microsoft Visual Studio\2019\Community\VC\Tools\MSVC\14.27.29110\bin\Hostx86\x86\cl.exe" @C:\Users\ardad\AppData\Local\Temp\nmCE7D.tmp
testCCompiler.c
Linking C executable cmTC_c1900.exe
	"C:\Program Files\JetBrains\CLion 2020.2.4\bin\cmake\win\bin\cmake.exe" -E vs_link_exe --intdir=CMakeFiles\cmTC_c1900.dir --rc="C:\PROGRA~2\Windows Kits\10\bin\10.0.18362.0\x86\rc.exe" --mt="C:\PROGRA~2\Windows Kits\10\bin\10.0.18362.0\x86\mt.exe" --manifests  -- "C:\PROGRA~2\Microsoft Visual Studio\2019\Community\VC\Tools\MSVC\14.27.29110\bin\Hostx86\x86\link.exe" /nologo @CMakeFiles\cmTC_c1900.dir\objects1.rsp @C:\Users\ardad\AppData\Local\Temp\nmCEEB.tmp



Detecting C compiler ABI info compiled with the following output:
Change Dir: C:/Users/ardad/CLionProjects/kendi_stackim/cmake-build-release/CMakeFiles/CMakeTmp

Run Build Command(s):nmake /nologo cmTC_0b0f7\fast && 	"C:\Program Files (x86)\Microsoft Visual Studio\2019\Community\VC\Tools\MSVC\14.27.29110\bin\HostX86\x86\nmake.exe"  -f CMakeFiles\cmTC_0b0f7.dir\build.make /nologo -L                  CMakeFiles\cmTC_0b0f7.dir\build
Building C object CMakeFiles/cmTC_0b0f7.dir/CMakeCCompilerABI.c.obj
	"C:\PROGRA~2\Microsoft Visual Studio\2019\Community\VC\Tools\MSVC\14.27.29110\bin\Hostx86\x86\cl.exe" @C:\Users\ardad\AppData\Local\Temp\nmD12C.tmp
CMakeCCompilerABI.c
Linking C executable cmTC_0b0f7.exe
	"C:\Program Files\JetBrains\CLion 2020.2.4\bin\cmake\win\bin\cmake.exe" -E vs_link_exe --intdir=CMakeFiles\cmTC_0b0f7.dir --rc="C:\PROGRA~2\Windows Kits\10\bin\10.0.18362.0\x86\rc.exe" --mt="C:\PROGRA~2\Windows Kits\10\bin\10.0.18362.0\x86\mt.exe" --manifests  -- "C:\PROGRA~2\Microsoft Visual Studio\2019\Community\VC\Tools\MSVC\14.27.29110\bin\Hostx86\x86\link.exe" /nologo @CMakeFiles\cmTC_0b0f7.dir\objects1.rsp @C:\Users\ardad\AppData\Local\Temp\nmD18B.tmp



